{"C:\\Users\\mbitu\\week-7-devops-deployment-assignment-mbitujames\\backend\\models\\Message.js": {"path":"C:\\Users\\mbitu\\week-7-devops-deployment-assignment-mbitujames\\backend\\models\\Message.js","statementMap":{"0":{"start":{"line":1,"column":17},"end":{"line":1,"column":36}},"1":{"start":{"line":3,"column":22},"end":{"line":7,"column":2}},"2":{"start":{"line":9,"column":0},"end":{"line":9,"column":58}}},"fnMap":{},"branchMap":{},"s":{"0":1,"1":1,"2":1},"f":{},"b":{},"_coverageSchema":"1a1c01bbd47fc00a2c39e90264f33305004495a9","hash":"a3569781a33f68849d9b238ec143bddd25cf2045"}
,"C:\\Users\\mbitu\\week-7-devops-deployment-assignment-mbitujames\\backend\\models\\User.js": {"path":"C:\\Users\\mbitu\\week-7-devops-deployment-assignment-mbitujames\\backend\\models\\User.js","statementMap":{"0":{"start":{"line":1,"column":17},"end":{"line":1,"column":36}},"1":{"start":{"line":3,"column":19},"end":{"line":6,"column":2}},"2":{"start":{"line":8,"column":0},"end":{"line":8,"column":52}}},"fnMap":{},"branchMap":{},"s":{"0":1,"1":1,"2":1},"f":{},"b":{},"_coverageSchema":"1a1c01bbd47fc00a2c39e90264f33305004495a9","hash":"ae3178c55515d07ef7a2086137c73d4684e17af5"}
}
